<?xml version='1.0'?>
<ns2:test-suite xmlns:ns2='urn:model.allure.qatools.yandex.ru' start='1663970571062' stop='1663970580641'>
    <name>Sprint 1 Testcases: Verify Child-age dropdowns are same as number of Children selected</name>
    <title>Sprint 1 Testcases: Verify Child-age dropdowns are same as number of Children selected</title>
    <test-cases>
        <test-case start='1663970571062' status='passed' stop='1663970571062'>
            <name></name>
            <title></title>
            <labels>
                <label name='language' value='javascript'/>
                <label name='framework' value='wdio'/>
                <label name='thread' value='0-1'/>
            </labels>
            <parameters>
                <parameter kind='argument' name='browser' value='chrome-105.0.5195.102'/>
            </parameters>
            <steps/>
            <attachments/>
        </test-case>
        <test-case start='1663970571062' status='passed' stop='1663970577444'>
            <name>Given I am on Hotels landing page</name>
            <title>Given I am on Hotels landing page</title>
            <labels>
                <label name='language' value='javascript'/>
                <label name='framework' value='wdio'/>
                <label name='thread' value='0-1'/>
            </labels>
            <parameters>
                <parameter kind='argument' name='browser' value='chrome-105.0.5195.102'/>
            </parameters>
            <steps/>
            <attachments/>
        </test-case>
        <test-case start='1663970577444' status='passed' stop='1663970580629'>
            <name>When I click on Travelers</name>
            <title>When I click on Travelers</title>
            <labels>
                <label name='language' value='javascript'/>
                <label name='framework' value='wdio'/>
                <label name='thread' value='0-1'/>
            </labels>
            <parameters>
                <parameter kind='argument' name='browser' value='chrome-105.0.5195.102'/>
            </parameters>
            <steps/>
            <attachments/>
        </test-case>
        <test-case start='1663970580629' status='broken' stop='1663970580631'>
            <name>And I select “Children” as 2</name>
            <title>And I select “Children” as 2</title>
            <labels>
                <label name='language' value='javascript'/>
                <label name='framework' value='wdio'/>
                <label name='thread' value='0-1'/>
            </labels>
            <parameters>
                <parameter kind='argument' name='browser' value='chrome-105.0.5195.102'/>
            </parameters>
            <steps/>
            <attachments/>
            <failure>
                <message>Step "I select “Children” as 2" is not defined. You can ignore this error by setting cucumberOpts.ignoreUndefinedDefinitions as true.</message>
                <stack-trace>Step "I select “Children” as 2" is not defined. You can ignore this error by setting cucumberOpts.ignoreUndefinedDefinitions as true.
                	at Feature(C:\Users\ravee\Desktop\Study\Js-Summer-Cucumber-2022\features\Hotels\Sprint1.feature):1:1
                	at Scenario(Verify Child-age dropdowns are same as number of Children selected):73:1
                	at Step(I select “Children” as 2):76:5
                </stack-trace>
            </failure>
        </test-case>
        <test-case start='1663970580631' status='broken' stop='1663970580631'>
            <name>Then I verify Children-age dropdown are 2</name>
            <title>Then I verify Children-age dropdown are 2</title>
            <labels>
                <label name='language' value='javascript'/>
                <label name='framework' value='wdio'/>
                <label name='thread' value='0-1'/>
            </labels>
            <parameters>
                <parameter kind='argument' name='browser' value='chrome-105.0.5195.102'/>
            </parameters>
            <steps/>
            <attachments/>
            <failure>
                <message>Step "I verify Children-age dropdown are 2" is not defined. You can ignore this error by setting cucumberOpts.ignoreUndefinedDefinitions as true.</message>
                <stack-trace>Step "I verify Children-age dropdown are 2" is not defined. You can ignore this error by setting cucumberOpts.ignoreUndefinedDefinitions as true.
                	at Feature(C:\Users\ravee\Desktop\Study\Js-Summer-Cucumber-2022\features\Hotels\Sprint1.feature):1:1
                	at Scenario(Verify Child-age dropdowns are same as number of Children selected):73:1
                	at Step(I verify Children-age dropdown are 2):77:5
                </stack-trace>
            </failure>
        </test-case>
        <test-case start='1663970580631' status='broken' stop='1663970580632'>
            <name>And I verify Plus-button is enabled</name>
            <title>And I verify Plus-button is enabled</title>
            <labels>
                <label name='language' value='javascript'/>
                <label name='framework' value='wdio'/>
                <label name='thread' value='0-1'/>
            </labels>
            <parameters>
                <parameter kind='argument' name='browser' value='chrome-105.0.5195.102'/>
            </parameters>
            <steps/>
            <attachments/>
            <failure>
                <message>Step "I verify Plus-button is enabled" is not defined. You can ignore this error by setting cucumberOpts.ignoreUndefinedDefinitions as true.</message>
                <stack-trace>Step "I verify Plus-button is enabled" is not defined. You can ignore this error by setting cucumberOpts.ignoreUndefinedDefinitions as true.
                	at Feature(C:\Users\ravee\Desktop\Study\Js-Summer-Cucumber-2022\features\Hotels\Sprint1.feature):1:1
                	at Scenario(Verify Child-age dropdowns are same as number of Children selected):73:1
                	at Step(I verify Plus-button is enabled):78:5
                </stack-trace>
            </failure>
        </test-case>
        <test-case start='1663970580632' status='broken' stop='1663970580632'>
            <name>And I verify minus-button is enabled</name>
            <title>And I verify minus-button is enabled</title>
            <labels>
                <label name='language' value='javascript'/>
                <label name='framework' value='wdio'/>
                <label name='thread' value='0-1'/>
            </labels>
            <parameters>
                <parameter kind='argument' name='browser' value='chrome-105.0.5195.102'/>
            </parameters>
            <steps/>
            <attachments/>
            <failure>
                <message>Step "I verify minus-button is enabled" is not defined. You can ignore this error by setting cucumberOpts.ignoreUndefinedDefinitions as true.</message>
                <stack-trace>Step "I verify minus-button is enabled" is not defined. You can ignore this error by setting cucumberOpts.ignoreUndefinedDefinitions as true.
                	at Feature(C:\Users\ravee\Desktop\Study\Js-Summer-Cucumber-2022\features\Hotels\Sprint1.feature):1:1
                	at Scenario(Verify Child-age dropdowns are same as number of Children selected):73:1
                	at Step(I verify minus-button is enabled):79:5
                </stack-trace>
            </failure>
        </test-case>
        <test-case start='1663970580632' status='broken' stop='1663970580632'>
            <name>When I select “Children” as 6</name>
            <title>When I select “Children” as 6</title>
            <labels>
                <label name='language' value='javascript'/>
                <label name='framework' value='wdio'/>
                <label name='thread' value='0-1'/>
            </labels>
            <parameters>
                <parameter kind='argument' name='browser' value='chrome-105.0.5195.102'/>
            </parameters>
            <steps/>
            <attachments/>
            <failure>
                <message>Step "I select “Children” as 6" is not defined. You can ignore this error by setting cucumberOpts.ignoreUndefinedDefinitions as true.</message>
                <stack-trace>Step "I select “Children” as 6" is not defined. You can ignore this error by setting cucumberOpts.ignoreUndefinedDefinitions as true.
                	at Feature(C:\Users\ravee\Desktop\Study\Js-Summer-Cucumber-2022\features\Hotels\Sprint1.feature):1:1
                	at Scenario(Verify Child-age dropdowns are same as number of Children selected):73:1
                	at Step(I select “Children” as 6):80:5
                </stack-trace>
            </failure>
        </test-case>
        <test-case start='1663970580632' status='broken' stop='1663970580633'>
            <name>Then I verify Children-age dropdown are 6</name>
            <title>Then I verify Children-age dropdown are 6</title>
            <labels>
                <label name='language' value='javascript'/>
                <label name='framework' value='wdio'/>
                <label name='thread' value='0-1'/>
            </labels>
            <parameters>
                <parameter kind='argument' name='browser' value='chrome-105.0.5195.102'/>
            </parameters>
            <steps/>
            <attachments/>
            <failure>
                <message>Step "I verify Children-age dropdown are 6" is not defined. You can ignore this error by setting cucumberOpts.ignoreUndefinedDefinitions as true.</message>
                <stack-trace>Step "I verify Children-age dropdown are 6" is not defined. You can ignore this error by setting cucumberOpts.ignoreUndefinedDefinitions as true.
                	at Feature(C:\Users\ravee\Desktop\Study\Js-Summer-Cucumber-2022\features\Hotels\Sprint1.feature):1:1
                	at Scenario(Verify Child-age dropdowns are same as number of Children selected):73:1
                	at Step(I verify Children-age dropdown are 6):81:5
                </stack-trace>
            </failure>
        </test-case>
        <test-case start='1663970580633' status='broken' stop='1663970580633'>
            <name>And I verify Plus button is disabled</name>
            <title>And I verify Plus button is disabled</title>
            <labels>
                <label name='language' value='javascript'/>
                <label name='framework' value='wdio'/>
                <label name='thread' value='0-1'/>
            </labels>
            <parameters>
                <parameter kind='argument' name='browser' value='chrome-105.0.5195.102'/>
            </parameters>
            <steps/>
            <attachments/>
            <failure>
                <message>Step "I verify Plus button is disabled" is not defined. You can ignore this error by setting cucumberOpts.ignoreUndefinedDefinitions as true.</message>
                <stack-trace>Step "I verify Plus button is disabled" is not defined. You can ignore this error by setting cucumberOpts.ignoreUndefinedDefinitions as true.
                	at Feature(C:\Users\ravee\Desktop\Study\Js-Summer-Cucumber-2022\features\Hotels\Sprint1.feature):1:1
                	at Scenario(Verify Child-age dropdowns are same as number of Children selected):73:1
                	at Step(I verify Plus button is disabled):82:5
                </stack-trace>
            </failure>
        </test-case>
        <test-case start='1663970580633' status='broken' stop='1663970580633'>
            <name>And I verify minus-button is enabled</name>
            <title>And I verify minus-button is enabled</title>
            <labels>
                <label name='language' value='javascript'/>
                <label name='framework' value='wdio'/>
                <label name='thread' value='0-1'/>
            </labels>
            <parameters>
                <parameter kind='argument' name='browser' value='chrome-105.0.5195.102'/>
            </parameters>
            <steps/>
            <attachments/>
            <failure>
                <message>Step "I verify minus-button is enabled" is not defined. You can ignore this error by setting cucumberOpts.ignoreUndefinedDefinitions as true.</message>
                <stack-trace>Step "I verify minus-button is enabled" is not defined. You can ignore this error by setting cucumberOpts.ignoreUndefinedDefinitions as true.
                	at Feature(C:\Users\ravee\Desktop\Study\Js-Summer-Cucumber-2022\features\Hotels\Sprint1.feature):1:1
                	at Scenario(Verify Child-age dropdowns are same as number of Children selected):73:1
                	at Step(I verify minus-button is enabled):83:5
                </stack-trace>
            </failure>
        </test-case>
        <test-case start='1663970580633' status='broken' stop='1663970580634'>
            <name>When I select “Children” as 5</name>
            <title>When I select “Children” as 5</title>
            <labels>
                <label name='language' value='javascript'/>
                <label name='framework' value='wdio'/>
                <label name='thread' value='0-1'/>
            </labels>
            <parameters>
                <parameter kind='argument' name='browser' value='chrome-105.0.5195.102'/>
            </parameters>
            <steps/>
            <attachments/>
            <failure>
                <message>Step "I select “Children” as 5" is not defined. You can ignore this error by setting cucumberOpts.ignoreUndefinedDefinitions as true.</message>
                <stack-trace>Step "I select “Children” as 5" is not defined. You can ignore this error by setting cucumberOpts.ignoreUndefinedDefinitions as true.
                	at Feature(C:\Users\ravee\Desktop\Study\Js-Summer-Cucumber-2022\features\Hotels\Sprint1.feature):1:1
                	at Scenario(Verify Child-age dropdowns are same as number of Children selected):73:1
                	at Step(I select “Children” as 5):84:5
                </stack-trace>
            </failure>
        </test-case>
        <test-case start='1663970580634' status='broken' stop='1663970580634'>
            <name>Then I verify Children-age dropdown are 5</name>
            <title>Then I verify Children-age dropdown are 5</title>
            <labels>
                <label name='language' value='javascript'/>
                <label name='framework' value='wdio'/>
                <label name='thread' value='0-1'/>
            </labels>
            <parameters>
                <parameter kind='argument' name='browser' value='chrome-105.0.5195.102'/>
            </parameters>
            <steps/>
            <attachments/>
            <failure>
                <message>Step "I verify Children-age dropdown are 5" is not defined. You can ignore this error by setting cucumberOpts.ignoreUndefinedDefinitions as true.</message>
                <stack-trace>Step "I verify Children-age dropdown are 5" is not defined. You can ignore this error by setting cucumberOpts.ignoreUndefinedDefinitions as true.
                	at Feature(C:\Users\ravee\Desktop\Study\Js-Summer-Cucumber-2022\features\Hotels\Sprint1.feature):1:1
                	at Scenario(Verify Child-age dropdowns are same as number of Children selected):73:1
                	at Step(I verify Children-age dropdown are 5):85:5
                </stack-trace>
            </failure>
        </test-case>
        <test-case start='1663970580634' status='broken' stop='1663970580634'>
            <name>And I verify Plus button is enabled</name>
            <title>And I verify Plus button is enabled</title>
            <labels>
                <label name='language' value='javascript'/>
                <label name='framework' value='wdio'/>
                <label name='thread' value='0-1'/>
            </labels>
            <parameters>
                <parameter kind='argument' name='browser' value='chrome-105.0.5195.102'/>
            </parameters>
            <steps/>
            <attachments/>
            <failure>
                <message>Step "I verify Plus button is enabled" is not defined. You can ignore this error by setting cucumberOpts.ignoreUndefinedDefinitions as true.</message>
                <stack-trace>Step "I verify Plus button is enabled" is not defined. You can ignore this error by setting cucumberOpts.ignoreUndefinedDefinitions as true.
                	at Feature(C:\Users\ravee\Desktop\Study\Js-Summer-Cucumber-2022\features\Hotels\Sprint1.feature):1:1
                	at Scenario(Verify Child-age dropdowns are same as number of Children selected):73:1
                	at Step(I verify Plus button is enabled):86:5
                </stack-trace>
            </failure>
        </test-case>
        <test-case start='1663970580634' status='broken' stop='1663970580634'>
            <name>And I verify minus-button is enabled</name>
            <title>And I verify minus-button is enabled</title>
            <labels>
                <label name='language' value='javascript'/>
                <label name='framework' value='wdio'/>
                <label name='thread' value='0-1'/>
            </labels>
            <parameters>
                <parameter kind='argument' name='browser' value='chrome-105.0.5195.102'/>
            </parameters>
            <steps/>
            <attachments/>
            <failure>
                <message>Step "I verify minus-button is enabled" is not defined. You can ignore this error by setting cucumberOpts.ignoreUndefinedDefinitions as true.</message>
                <stack-trace>Step "I verify minus-button is enabled" is not defined. You can ignore this error by setting cucumberOpts.ignoreUndefinedDefinitions as true.
                	at Feature(C:\Users\ravee\Desktop\Study\Js-Summer-Cucumber-2022\features\Hotels\Sprint1.feature):1:1
                	at Scenario(Verify Child-age dropdowns are same as number of Children selected):73:1
                	at Step(I verify minus-button is enabled):87:5
                </stack-trace>
            </failure>
        </test-case>
        <test-case start='1663970580634' status='broken' stop='1663970580636'>
            <name>When I select “Children” as 0</name>
            <title>When I select “Children” as 0</title>
            <labels>
                <label name='language' value='javascript'/>
                <label name='framework' value='wdio'/>
                <label name='thread' value='0-1'/>
            </labels>
            <parameters>
                <parameter kind='argument' name='browser' value='chrome-105.0.5195.102'/>
            </parameters>
            <steps/>
            <attachments/>
            <failure>
                <message>Step "I select “Children” as 0" is not defined. You can ignore this error by setting cucumberOpts.ignoreUndefinedDefinitions as true.</message>
                <stack-trace>Step "I select “Children” as 0" is not defined. You can ignore this error by setting cucumberOpts.ignoreUndefinedDefinitions as true.
                	at Feature(C:\Users\ravee\Desktop\Study\Js-Summer-Cucumber-2022\features\Hotels\Sprint1.feature):1:1
                	at Scenario(Verify Child-age dropdowns are same as number of Children selected):73:1
                	at Step(I select “Children” as 0):88:5
                </stack-trace>
            </failure>
        </test-case>
        <test-case start='1663970580636' status='broken' stop='1663970580636'>
            <name>Then I verify Children-age dropdown is NOT displayed</name>
            <title>Then I verify Children-age dropdown is NOT displayed</title>
            <labels>
                <label name='language' value='javascript'/>
                <label name='framework' value='wdio'/>
                <label name='thread' value='0-1'/>
            </labels>
            <parameters>
                <parameter kind='argument' name='browser' value='chrome-105.0.5195.102'/>
            </parameters>
            <steps/>
            <attachments/>
            <failure>
                <message>Step "I verify Children-age dropdown is NOT displayed" is not defined. You can ignore this error by setting cucumberOpts.ignoreUndefinedDefinitions as true.</message>
                <stack-trace>Step "I verify Children-age dropdown is NOT displayed" is not defined. You can ignore this error by setting cucumberOpts.ignoreUndefinedDefinitions as true.
                	at Feature(C:\Users\ravee\Desktop\Study\Js-Summer-Cucumber-2022\features\Hotels\Sprint1.feature):1:1
                	at Scenario(Verify Child-age dropdowns are same as number of Children selected):73:1
                	at Step(I verify Children-age dropdown is NOT displayed):89:5
                </stack-trace>
            </failure>
        </test-case>
        <test-case start='1663970580636' status='broken' stop='1663970580637'>
            <name>And I verify Plus button is enabled</name>
            <title>And I verify Plus button is enabled</title>
            <labels>
                <label name='language' value='javascript'/>
                <label name='framework' value='wdio'/>
                <label name='thread' value='0-1'/>
            </labels>
            <parameters>
                <parameter kind='argument' name='browser' value='chrome-105.0.5195.102'/>
            </parameters>
            <steps/>
            <attachments/>
            <failure>
                <message>Step "I verify Plus button is enabled" is not defined. You can ignore this error by setting cucumberOpts.ignoreUndefinedDefinitions as true.</message>
                <stack-trace>Step "I verify Plus button is enabled" is not defined. You can ignore this error by setting cucumberOpts.ignoreUndefinedDefinitions as true.
                	at Feature(C:\Users\ravee\Desktop\Study\Js-Summer-Cucumber-2022\features\Hotels\Sprint1.feature):1:1
                	at Scenario(Verify Child-age dropdowns are same as number of Children selected):73:1
                	at Step(I verify Plus button is enabled):90:5
                </stack-trace>
            </failure>
        </test-case>
        <test-case start='1663970580638' status='broken' stop='1663970580639'>
            <name>And I verify minus-button is disabled</name>
            <title>And I verify minus-button is disabled</title>
            <labels>
                <label name='language' value='javascript'/>
                <label name='framework' value='wdio'/>
                <label name='thread' value='0-1'/>
            </labels>
            <parameters>
                <parameter kind='argument' name='browser' value='chrome-105.0.5195.102'/>
            </parameters>
            <steps/>
            <attachments/>
            <failure>
                <message>Step "I verify minus-button is disabled" is not defined. You can ignore this error by setting cucumberOpts.ignoreUndefinedDefinitions as true.</message>
                <stack-trace>Step "I verify minus-button is disabled" is not defined. You can ignore this error by setting cucumberOpts.ignoreUndefinedDefinitions as true.
                	at Feature(C:\Users\ravee\Desktop\Study\Js-Summer-Cucumber-2022\features\Hotels\Sprint1.feature):1:1
                	at Scenario(Verify Child-age dropdowns are same as number of Children selected):73:1
                	at Step(I verify minus-button is disabled):91:5
                </stack-trace>
            </failure>
        </test-case>
        <test-case start='1663970580640' status='passed' stop='1663970580641'>
            <name></name>
            <title></title>
            <labels>
                <label name='language' value='javascript'/>
                <label name='framework' value='wdio'/>
                <label name='thread' value='0-1'/>
            </labels>
            <parameters>
                <parameter kind='argument' name='browser' value='chrome-105.0.5195.102'/>
            </parameters>
            <steps/>
            <attachments/>
        </test-case>
    </test-cases>
</ns2:test-suite>