<?xml version='1.0'?>
<ns2:test-suite xmlns:ns2='urn:model.allure.qatools.yandex.ru' start='1663977209281' stop='1663977226704'>
    <name>Sprint 1 Testcases: Verify user can update number of guests on Home page</name>
    <title>Sprint 1 Testcases: Verify user can update number of guests on Home page</title>
    <test-cases>
        <test-case start='1663977209282' status='passed' stop='1663977209289'>
            <name></name>
            <title></title>
            <labels>
                <label name='language' value='javascript'/>
                <label name='framework' value='wdio'/>
                <label name='thread' value='0-1'/>
            </labels>
            <parameters>
                <parameter kind='argument' name='browser' value='chrome-105.0.5195.102'/>
            </parameters>
            <steps/>
            <attachments/>
        </test-case>
        <test-case start='1663977209290' status='passed' stop='1663977216410'>
            <name>Given I am on Hotels landing page</name>
            <title>Given I am on Hotels landing page</title>
            <labels>
                <label name='language' value='javascript'/>
                <label name='framework' value='wdio'/>
                <label name='thread' value='0-1'/>
            </labels>
            <parameters>
                <parameter kind='argument' name='browser' value='chrome-105.0.5195.102'/>
            </parameters>
            <steps/>
            <attachments/>
        </test-case>
        <test-case start='1663977216410' status='passed' stop='1663977219589'>
            <name>When I click on Travelers</name>
            <title>When I click on Travelers</title>
            <labels>
                <label name='language' value='javascript'/>
                <label name='framework' value='wdio'/>
                <label name='thread' value='0-1'/>
            </labels>
            <parameters>
                <parameter kind='argument' name='browser' value='chrome-105.0.5195.102'/>
            </parameters>
            <steps/>
            <attachments/>
        </test-case>
        <test-case start='1663977219590' status='passed' stop='1663977223232'>
            <name>And I enter 6 Adults</name>
            <title>And I enter 6 Adults</title>
            <labels>
                <label name='language' value='javascript'/>
                <label name='framework' value='wdio'/>
                <label name='thread' value='0-1'/>
            </labels>
            <parameters>
                <parameter kind='argument' name='browser' value='chrome-105.0.5195.102'/>
            </parameters>
            <steps/>
            <attachments/>
        </test-case>
        <test-case start='1663977223232' status='passed' stop='1663977226687'>
            <name>And I enter 3 Children</name>
            <title>And I enter 3 Children</title>
            <labels>
                <label name='language' value='javascript'/>
                <label name='framework' value='wdio'/>
                <label name='thread' value='0-1'/>
            </labels>
            <parameters>
                <parameter kind='argument' name='browser' value='chrome-105.0.5195.102'/>
            </parameters>
            <steps/>
            <attachments/>
        </test-case>
        <test-case start='1663977226687' status='broken' stop='1663977226693'>
            <name>And I select first child age: 4</name>
            <title>And I select first child age: 4</title>
            <labels>
                <label name='language' value='javascript'/>
                <label name='framework' value='wdio'/>
                <label name='thread' value='0-1'/>
            </labels>
            <parameters>
                <parameter kind='argument' name='browser' value='chrome-105.0.5195.102'/>
            </parameters>
            <steps/>
            <attachments/>
            <failure>
                <message>TypeError: hotelsHome.selectChildOneAge is not a function</message>
                <stack-trace>TypeError: hotelsHome.selectChildOneAge is not a function
                    at World.&lt;anonymous> (C:\Users\ravee\Desktop\Study\Js-Summer-Cucumber-2022\step-definitions\Hotels\Sprint1SD.js:43:22)
                    at World.executeAsync (C:\Users\ravee\Desktop\Study\Js-Summer-Cucumber-2022\node_modules\@wdio\utils\build\shim.js:333:27)
                    at World.testFrameworkFnWrapper (C:\Users\ravee\Desktop\Study\Js-Summer-Cucumber-2022\node_modules\@wdio\utils\build\test-framework\testFnWrapper.js:51:32)
                    at async wrapPromiseWithTimeout (C:\Users\ravee\Desktop\Study\Js-Summer-Cucumber-2022\node_modules\@cucumber\cucumber\lib\time.js:67:12)
                    at async Object.run (C:\Users\ravee\Desktop\Study\Js-Summer-Cucumber-2022\node_modules\@cucumber\cucumber\lib\user_code_runner.js:64:22)
                    at async Object.run (C:\Users\ravee\Desktop\Study\Js-Summer-Cucumber-2022\node_modules\@cucumber\cucumber\lib\runtime\step_runner.js:52:26)
                    at async TestCaseRunner.invokeStep (C:\Users\ravee\Desktop\Study\Js-Summer-Cucumber-2022\node_modules\@cucumber\cucumber\lib\runtime\test_case_runner.js:93:16)
                    at async TestCaseRunner.runStep (C:\Users\ravee\Desktop\Study\Js-Summer-Cucumber-2022\node_modules\@cucumber\cucumber\lib\runtime\test_case_runner.js:237:26)
                    at async C:\Users\ravee\Desktop\Study\Js-Summer-Cucumber-2022\node_modules\@cucumber\cucumber\lib\runtime\test_case_runner.js:163:48
                    at async TestCaseRunner.aroundTestStep (C:\Users\ravee\Desktop\Study\Js-Summer-Cucumber-2022\node_modules\@cucumber\cucumber\lib\runtime\test_case_runner.js:117:32)</stack-trace>
            </failure>
        </test-case>
        <test-case start='1663977226693' status='broken' stop='1663977226694'>
            <name>And I select second child age: Under 1</name>
            <title>And I select second child age: Under 1</title>
            <labels>
                <label name='language' value='javascript'/>
                <label name='framework' value='wdio'/>
                <label name='thread' value='0-1'/>
            </labels>
            <parameters>
                <parameter kind='argument' name='browser' value='chrome-105.0.5195.102'/>
            </parameters>
            <steps/>
            <attachments/>
            <failure>
                <message>Step "I select second child age: Under 1" is not defined. You can ignore this error by setting cucumberOpts.ignoreUndefinedDefinitions as true.</message>
                <stack-trace>Step "I select second child age: Under 1" is not defined. You can ignore this error by setting cucumberOpts.ignoreUndefinedDefinitions as true.
                	at Feature(C:\Users\ravee\Desktop\Study\Js-Summer-Cucumber-2022\features\Hotels\Sprint1.feature):1:1
                	at Scenario(Verify user can update number of guests on Home page):5:1
                	at Step(I select second child age: Under 1):11:5
                </stack-trace>
            </failure>
        </test-case>
        <test-case start='1663977226695' status='broken' stop='1663977226695'>
            <name>And I select third child age: 7</name>
            <title>And I select third child age: 7</title>
            <labels>
                <label name='language' value='javascript'/>
                <label name='framework' value='wdio'/>
                <label name='thread' value='0-1'/>
            </labels>
            <parameters>
                <parameter kind='argument' name='browser' value='chrome-105.0.5195.102'/>
            </parameters>
            <steps/>
            <attachments/>
            <failure>
                <message>Step "I select third child age: 7" is not defined. You can ignore this error by setting cucumberOpts.ignoreUndefinedDefinitions as true.</message>
                <stack-trace>Step "I select third child age: 7" is not defined. You can ignore this error by setting cucumberOpts.ignoreUndefinedDefinitions as true.
                	at Feature(C:\Users\ravee\Desktop\Study\Js-Summer-Cucumber-2022\features\Hotels\Sprint1.feature):1:1
                	at Scenario(Verify user can update number of guests on Home page):5:1
                	at Step(I select third child age: 7):12:5
                </stack-trace>
            </failure>
        </test-case>
        <test-case start='1663977226695' status='pending' stop='1663977226697'>
            <name>And I click Done</name>
            <title>And I click Done</title>
            <labels>
                <label name='language' value='javascript'/>
                <label name='framework' value='wdio'/>
                <label name='thread' value='0-1'/>
            </labels>
            <parameters>
                <parameter kind='argument' name='browser' value='chrome-105.0.5195.102'/>
            </parameters>
            <steps/>
            <attachments/>
        </test-case>
        <test-case start='1663977226698' status='pending' stop='1663977226699'>
            <name>Then I verify total number of guests in sum of adults and children as same as selected on step #4 and #5</name>
            <title>Then I verify total number of guests in sum of adults and children as same as selected on step #4 and #5</title>
            <labels>
                <label name='language' value='javascript'/>
                <label name='framework' value='wdio'/>
                <label name='thread' value='0-1'/>
            </labels>
            <parameters>
                <parameter kind='argument' name='browser' value='chrome-105.0.5195.102'/>
            </parameters>
            <steps/>
            <attachments/>
        </test-case>
        <test-case start='1663977226699' status='passed' stop='1663977226700'>
            <name></name>
            <title></title>
            <labels>
                <label name='language' value='javascript'/>
                <label name='framework' value='wdio'/>
                <label name='thread' value='0-1'/>
            </labels>
            <parameters>
                <parameter kind='argument' name='browser' value='chrome-105.0.5195.102'/>
            </parameters>
            <steps/>
            <attachments/>
        </test-case>
    </test-cases>
</ns2:test-suite>