<?xml version='1.0'?>
<ns2:test-suite xmlns:ns2='urn:model.allure.qatools.yandex.ru' start='1663968328311' stop='1663968347152'>
    <name>Sprint 1 Testcases: Verify error is displayed when user submits the empty feedback form</name>
    <title>Sprint 1 Testcases: Verify error is displayed when user submits the empty feedback form</title>
    <test-cases>
        <test-case start='1663968328312' status='passed' stop='1663968328317'>
            <name></name>
            <title></title>
            <labels>
                <label name='language' value='javascript'/>
                <label name='framework' value='wdio'/>
                <label name='thread' value='0-1'/>
            </labels>
            <parameters>
                <parameter kind='argument' name='browser' value='chrome-105.0.5195.102'/>
            </parameters>
            <steps/>
            <attachments/>
        </test-case>
        <test-case start='1663968328318' status='passed' stop='1663968335533'>
            <name>Given I am on Hotels landing page</name>
            <title>Given I am on Hotels landing page</title>
            <labels>
                <label name='language' value='javascript'/>
                <label name='framework' value='wdio'/>
                <label name='thread' value='0-1'/>
            </labels>
            <parameters>
                <parameter kind='argument' name='browser' value='chrome-105.0.5195.102'/>
            </parameters>
            <steps/>
            <attachments/>
        </test-case>
        <test-case start='1663968335533' status='passed' stop='1663968338959'>
            <name>When I click on Sign in button</name>
            <title>When I click on Sign in button</title>
            <labels>
                <label name='language' value='javascript'/>
                <label name='framework' value='wdio'/>
                <label name='thread' value='0-1'/>
            </labels>
            <parameters>
                <parameter kind='argument' name='browser' value='chrome-105.0.5195.102'/>
            </parameters>
            <steps/>
            <attachments/>
        </test-case>
        <test-case start='1663968338960' status='passed' stop='1663968340329'>
            <name>And I click Feedback</name>
            <title>And I click Feedback</title>
            <labels>
                <label name='language' value='javascript'/>
                <label name='framework' value='wdio'/>
                <label name='thread' value='0-1'/>
            </labels>
            <parameters>
                <parameter kind='argument' name='browser' value='chrome-105.0.5195.102'/>
            </parameters>
            <steps/>
            <attachments/>
        </test-case>
        <test-case start='1663968340329' status='passed' stop='1663968347026'>
            <name>And I click on Submit button</name>
            <title>And I click on Submit button</title>
            <labels>
                <label name='language' value='javascript'/>
                <label name='framework' value='wdio'/>
                <label name='thread' value='0-1'/>
            </labels>
            <parameters>
                <parameter kind='argument' name='browser' value='chrome-105.0.5195.102'/>
            </parameters>
            <steps/>
            <attachments/>
        </test-case>
        <test-case start='1663968347026' status='passed' stop='1663968347140'>
            <name>Then I verify error message is displayed</name>
            <title>Then I verify error message is displayed</title>
            <labels>
                <label name='language' value='javascript'/>
                <label name='framework' value='wdio'/>
                <label name='thread' value='0-1'/>
            </labels>
            <parameters>
                <parameter kind='argument' name='browser' value='chrome-105.0.5195.102'/>
            </parameters>
            <steps/>
            <attachments/>
        </test-case>
        <test-case start='1663968347140' status='failed' stop='1663968347150'>
            <name>Then I verify star boxes section is in a red dotted box</name>
            <title>Then I verify star boxes section is in a red dotted box</title>
            <labels>
                <label name='language' value='javascript'/>
                <label name='framework' value='wdio'/>
                <label name='thread' value='0-1'/>
            </labels>
            <parameters>
                <parameter kind='argument' name='browser' value='chrome-105.0.5195.102'/>
            </parameters>
            <steps/>
            <attachments/>
            <failure>
                <message>AssertionError: Login error is NOT displayed: expected HotelsFeedback{ …(12) } to be true</message>
                <stack-trace>AssertionError: Login error is NOT displayed: expected HotelsFeedback{ …(12) } to be true
                    at World.&lt;anonymous> (C:\Users\ravee\Desktop\Study\Js-Summer-Cucumber-2022\step-definitions\Hotels\Sprint1SD.js:209:72)
                    at processTicksAndRejections (node:internal/process/task_queues:96:5)</stack-trace>
            </failure>
        </test-case>
        <test-case start='1663968347150' status='passed' stop='1663968347151'>
            <name></name>
            <title></title>
            <labels>
                <label name='language' value='javascript'/>
                <label name='framework' value='wdio'/>
                <label name='thread' value='0-1'/>
            </labels>
            <parameters>
                <parameter kind='argument' name='browser' value='chrome-105.0.5195.102'/>
            </parameters>
            <steps/>
            <attachments/>
        </test-case>
    </test-cases>
</ns2:test-suite>