<?xml version='1.0'?>
<ns2:test-suite xmlns:ns2='urn:model.allure.qatools.yandex.ru' start='1663977457039' stop='1663977482627'>
    <name>Sprint 1 Testcases: Verify user can update number of guests on Home page</name>
    <title>Sprint 1 Testcases: Verify user can update number of guests on Home page</title>
    <test-cases>
        <test-case start='1663977457040' status='passed' stop='1663977457044'>
            <name></name>
            <title></title>
            <labels>
                <label name='language' value='javascript'/>
                <label name='framework' value='wdio'/>
                <label name='thread' value='0-1'/>
            </labels>
            <parameters>
                <parameter kind='argument' name='browser' value='chrome-105.0.5195.102'/>
            </parameters>
            <steps/>
            <attachments/>
        </test-case>
        <test-case start='1663977457045' status='passed' stop='1663977469345'>
            <name>Given I am on Hotels landing page</name>
            <title>Given I am on Hotels landing page</title>
            <labels>
                <label name='language' value='javascript'/>
                <label name='framework' value='wdio'/>
                <label name='thread' value='0-1'/>
            </labels>
            <parameters>
                <parameter kind='argument' name='browser' value='chrome-105.0.5195.102'/>
            </parameters>
            <steps/>
            <attachments/>
        </test-case>
        <test-case start='1663977469345' status='passed' stop='1663977472513'>
            <name>When I click on Travelers</name>
            <title>When I click on Travelers</title>
            <labels>
                <label name='language' value='javascript'/>
                <label name='framework' value='wdio'/>
                <label name='thread' value='0-1'/>
            </labels>
            <parameters>
                <parameter kind='argument' name='browser' value='chrome-105.0.5195.102'/>
            </parameters>
            <steps/>
            <attachments/>
        </test-case>
        <test-case start='1663977472513' status='passed' stop='1663977476021'>
            <name>And I enter 6 Adults</name>
            <title>And I enter 6 Adults</title>
            <labels>
                <label name='language' value='javascript'/>
                <label name='framework' value='wdio'/>
                <label name='thread' value='0-1'/>
            </labels>
            <parameters>
                <parameter kind='argument' name='browser' value='chrome-105.0.5195.102'/>
            </parameters>
            <steps/>
            <attachments/>
        </test-case>
        <test-case start='1663977476021' status='passed' stop='1663977479422'>
            <name>And I enter 3 Children</name>
            <title>And I enter 3 Children</title>
            <labels>
                <label name='language' value='javascript'/>
                <label name='framework' value='wdio'/>
                <label name='thread' value='0-1'/>
            </labels>
            <parameters>
                <parameter kind='argument' name='browser' value='chrome-105.0.5195.102'/>
            </parameters>
            <steps/>
            <attachments/>
        </test-case>
        <test-case start='1663977479422' status='passed' stop='1663977482622'>
            <name>And I select first child age: 4</name>
            <title>And I select first child age: 4</title>
            <labels>
                <label name='language' value='javascript'/>
                <label name='framework' value='wdio'/>
                <label name='thread' value='0-1'/>
            </labels>
            <parameters>
                <parameter kind='argument' name='browser' value='chrome-105.0.5195.102'/>
            </parameters>
            <steps/>
            <attachments/>
        </test-case>
        <test-case start='1663977482622' status='broken' stop='1663977482623'>
            <name>And I select second child age: Under 1</name>
            <title>And I select second child age: Under 1</title>
            <labels>
                <label name='language' value='javascript'/>
                <label name='framework' value='wdio'/>
                <label name='thread' value='0-1'/>
            </labels>
            <parameters>
                <parameter kind='argument' name='browser' value='chrome-105.0.5195.102'/>
            </parameters>
            <steps/>
            <attachments/>
            <failure>
                <message>Step "I select second child age: Under 1" is not defined. You can ignore this error by setting cucumberOpts.ignoreUndefinedDefinitions as true.</message>
                <stack-trace>Step "I select second child age: Under 1" is not defined. You can ignore this error by setting cucumberOpts.ignoreUndefinedDefinitions as true.
                	at Feature(C:\Users\ravee\Desktop\Study\Js-Summer-Cucumber-2022\features\Hotels\Sprint1.feature):1:1
                	at Scenario(Verify user can update number of guests on Home page):5:1
                	at Step(I select second child age: Under 1):11:5
                </stack-trace>
            </failure>
        </test-case>
        <test-case start='1663977482623' status='broken' stop='1663977482624'>
            <name>And I select third child age: 7</name>
            <title>And I select third child age: 7</title>
            <labels>
                <label name='language' value='javascript'/>
                <label name='framework' value='wdio'/>
                <label name='thread' value='0-1'/>
            </labels>
            <parameters>
                <parameter kind='argument' name='browser' value='chrome-105.0.5195.102'/>
            </parameters>
            <steps/>
            <attachments/>
            <failure>
                <message>Step "I select third child age: 7" is not defined. You can ignore this error by setting cucumberOpts.ignoreUndefinedDefinitions as true.</message>
                <stack-trace>Step "I select third child age: 7" is not defined. You can ignore this error by setting cucumberOpts.ignoreUndefinedDefinitions as true.
                	at Feature(C:\Users\ravee\Desktop\Study\Js-Summer-Cucumber-2022\features\Hotels\Sprint1.feature):1:1
                	at Scenario(Verify user can update number of guests on Home page):5:1
                	at Step(I select third child age: 7):12:5
                </stack-trace>
            </failure>
        </test-case>
        <test-case start='1663977482624' status='pending' stop='1663977482625'>
            <name>And I click Done</name>
            <title>And I click Done</title>
            <labels>
                <label name='language' value='javascript'/>
                <label name='framework' value='wdio'/>
                <label name='thread' value='0-1'/>
            </labels>
            <parameters>
                <parameter kind='argument' name='browser' value='chrome-105.0.5195.102'/>
            </parameters>
            <steps/>
            <attachments/>
        </test-case>
        <test-case start='1663977482625' status='pending' stop='1663977482625'>
            <name>Then I verify total number of guests in sum of adults and children as same as selected on step #4 and #5</name>
            <title>Then I verify total number of guests in sum of adults and children as same as selected on step #4 and #5</title>
            <labels>
                <label name='language' value='javascript'/>
                <label name='framework' value='wdio'/>
                <label name='thread' value='0-1'/>
            </labels>
            <parameters>
                <parameter kind='argument' name='browser' value='chrome-105.0.5195.102'/>
            </parameters>
            <steps/>
            <attachments/>
        </test-case>
        <test-case start='1663977482625' status='passed' stop='1663977482626'>
            <name></name>
            <title></title>
            <labels>
                <label name='language' value='javascript'/>
                <label name='framework' value='wdio'/>
                <label name='thread' value='0-1'/>
            </labels>
            <parameters>
                <parameter kind='argument' name='browser' value='chrome-105.0.5195.102'/>
            </parameters>
            <steps/>
            <attachments/>
        </test-case>
    </test-cases>
</ns2:test-suite>